a few seconds ::: 491 files to be converted to csv.
a few seconds ::: Processing file 1 out of 491 files.
a few seconds ::: File 1 - Unique Emails Found: 96 ::: Algeria-database.xls-emails.csv
a few seconds ::: Processing file 2 out of 491 files.
a few seconds ::: File 2 - Unique Emails Found: 16 ::: Angola-database.xls-emails.csv
a few seconds ::: Processing file 3 out of 491 files.
a few seconds ::: File 3 - Unique Emails Found: 15 ::: Benin-database.xls-emails.csv
a few seconds ::: Processing file 4 out of 491 files.
a few seconds ::: File 4 - Unique Emails Found: 20 ::: Botswana-database.xls-emails.csv
a few seconds ::: Processing file 5 out of 491 files.
a few seconds ::: File 5 - Unique Emails Found: 7 ::: Burkina-Faso-database.xls-emails.csv
a few seconds ::: Processing file 6 out of 491 files.
a few seconds ::: File 6 - Unique Emails Found: 2 ::: Burundi-database.xls-emails.csv
a few seconds ::: Processing file 7 out of 491 files.
a few seconds ::: File 7 - Unique Emails Found: 28 ::: Cameroon-database.xls-emails.csv
a few seconds ::: Processing file 8 out of 491 files.
a few seconds ::: File 8 - Unique Emails Found: 6 ::: Cape-Verde-database.xls-emails.csv
a few seconds ::: Processing file 9 out of 491 files.
a few seconds ::: File 9 - Unique Emails Found: 1 ::: Comoros-database.xls-emails.csv
a few seconds ::: Processing file 10 out of 491 files.
a few seconds ::: File 10 - Unique Emails Found: 1 ::: Congo-database.xls-emails.csv
a few seconds ::: Processing file 11 out of 491 files.
a few seconds ::: File 11 - Unique Emails Found: 4 ::: Djibouti-database.xls-emails.csv
a few seconds ::: Processing file 12 out of 491 files.
a few seconds ::: File 12 - Unique Emails Found: 8300 ::: Egypt-Database---81816.xlsx-emails.csv
a few seconds ::: Processing file 13 out of 491 files.
a few seconds ::: File 13 - Unique Emails Found: 6260 ::: Egypt-Database-Directory--43541.xlsx-emails.csv
a few seconds ::: Processing file 14 out of 491 files.
a minute ::: File 14 - Unique Emails Found: 8506 ::: Egypt-company-database---57935.xlsx-emails.csv
a minute ::: Processing file 15 out of 491 files.
a minute ::: File 15 - Unique Emails Found: 9073 ::: Egypt-database---179328.xlsx-emails.csv
a minute ::: Processing file 16 out of 491 files.
a minute ::: File 16 - Unique Emails Found: 3981 ::: Egypt-database---87580.xlsx-emails.csv
a minute ::: Processing file 17 out of 491 files.
a minute ::: File 17 - Unique Emails Found: 976 ::: Egypt-database.xls-emails.csv
a minute ::: Processing file 18 out of 491 files.
a minute ::: File 18 - Unique Emails Found: 24 ::: Ethiopia-database.xls-emails.csv
a minute ::: Processing file 19 out of 491 files.
a minute ::: File 19 - Unique Emails Found: 14 ::: Gabon-database.xls-emails.csv
a minute ::: Processing file 20 out of 491 files.
a minute ::: File 20 - Unique Emails Found: 9 ::: Gambia-database.xls-emails.csv
a minute ::: Processing file 21 out of 491 files.
a minute ::: File 21 - Unique Emails Found: 99 ::: Ghana-database.xls-emails.csv
a minute ::: Processing file 22 out of 491 files.
a minute ::: File 22 - Unique Emails Found: 4 ::: Guinea-database.xls-emails.csv
a minute ::: Processing file 23 out of 491 files.
a minute ::: File 23 - Unique Emails Found: 3 ::: Guinea-Bissau-database.xls-emails.csv
a minute ::: Processing file 24 out of 491 files.
a minute ::: File 24 - Unique Emails Found: 432 ::: Kenya-dataase.xls-emails.csv
a minute ::: Processing file 25 out of 491 files.
a minute ::: File 25 - Unique Emails Found: 18 ::: Lao-Peoples-Democratic-Repub-database.xls-emails.csv
a minute ::: Processing file 26 out of 491 files.
a minute ::: File 26 - Unique Emails Found: 1 ::: Lesotho-database.xls-emails.csv
a minute ::: Processing file 27 out of 491 files.
a minute ::: File 27 - Unique Emails Found: 2 ::: Liberia-database.xls-emails.csv
a minute ::: Processing file 28 out of 491 files.
a minute ::: File 28 - Unique Emails Found: 28 ::: Madagascar-database.xls-emails.csv
a minute ::: Processing file 29 out of 491 files.
a minute ::: File 29 - Unique Emails Found: 6 ::: Malawi-database.xls-emails.csv
a minute ::: Processing file 30 out of 491 files.
a minute ::: File 30 - Unique Emails Found: 16 ::: Mali-database.xls-emails.csv
a minute ::: Processing file 31 out of 491 files.
a minute ::: File 31 - Unique Emails Found: 6 ::: Mauritania-database.xls-emails.csv
a minute ::: Processing file 32 out of 491 files.
a minute ::: File 32 - Unique Emails Found: 139 ::: Mauritius-database.xls-emails.csv
a minute ::: Processing file 33 out of 491 files.
a minute ::: File 33 - Unique Emails Found: 280 ::: Morocco-database.xls-emails.csv
a minute ::: Processing file 34 out of 491 files.
a minute ::: File 34 - Unique Emails Found: 22 ::: Mozambique-database.xls-emails.csv
a minute ::: Processing file 35 out of 491 files.
a minute ::: File 35 - Unique Emails Found: 29 ::: Namibia-database.xls-emails.csv
a minute ::: Processing file 36 out of 491 files.
a minute ::: File 36 - Unique Emails Found: 2 ::: Niger-database.xls-emails.csv
a minute ::: Processing file 37 out of 491 files.
a minute ::: File 37 - Unique Emails Found: 240 ::: Nigeria-database.xls-emails.csv
a minute ::: Processing file 38 out of 491 files.
a minute ::: File 38 - Unique Emails Found: 6 ::: Rwanda-database.xls-emails.csv
a minute ::: Processing file 39 out of 491 files.
a minute ::: File 39 - Unique Emails Found: 1 ::: Sao-Tome-and-Principe-database.xls-emails.csv
a minute ::: Processing file 40 out of 491 files.
a minute ::: File 40 - Unique Emails Found: 31 ::: Senegal-database.xls-emails.csv
a minute ::: Processing file 41 out of 491 files.
a minute ::: File 41 - Unique Emails Found: 18 ::: Seychelles-database.xls-emails.csv
a minute ::: Processing file 42 out of 491 files.
a minute ::: File 42 - Unique Emails Found: 1 ::: Sierra-Leone-database.xls-emails.csv
a minute ::: Processing file 43 out of 491 files.
a minute ::: File 43 - Unique Emails Found: 2 ::: Somalia-database.xls-emails.csv
a minute ::: Processing file 44 out of 491 files.
a minute ::: File 44 - Unique Emails Found: 3028 ::: South-Africa-database.xls-emails.csv
a minute ::: Processing file 45 out of 491 files.
a minute ::: File 45 - Unique Emails Found: 25 ::: Sudan-database.xlsx-emails.csv
a minute ::: Processing file 46 out of 491 files.
a minute ::: File 46 - Unique Emails Found: 4 ::: Swaziland-database.xls-emails.csv
a minute ::: Processing file 47 out of 491 files.
a minute ::: File 47 - Unique Emails Found: 86 ::: Tanzania-United-Republic-of-database.xls-emails.csv
a minute ::: Processing file 48 out of 491 files.
a minute ::: File 48 - Unique Emails Found: 20 ::: Togo-database.xls-emails.csv
a minute ::: Processing file 49 out of 491 files.
a minute ::: File 49 - Unique Emails Found: 82 ::: Tunisia-database.xls-emails.csv
a minute ::: Processing file 50 out of 491 files.
a minute ::: File 50 - Unique Emails Found: 52 ::: Uganda-database.xls-emails.csv
a minute ::: Processing file 51 out of 491 files.
a minute ::: File 51 - Unique Emails Found: 1 ::: Western-Sahara-database.xls-emails.csv
a minute ::: Processing file 52 out of 491 files.
a minute ::: File 52 - Unique Emails Found: 4 ::: Zaire-database.xls-emails.csv
a minute ::: Processing file 53 out of 491 files.
a minute ::: File 53 - Unique Emails Found: 16 ::: Zambia-database.xls-emails.csv
a minute ::: Processing file 54 out of 491 files.
a minute ::: File 54 - Unique Emails Found: 66 ::: Zimbabwe-database.xls-emails.csv
a minute ::: Processing file 55 out of 491 files.
a minute ::: File 55 - Unique Emails Found: 55 ::: Bahrain-Database-02.xls-emails.csv
a minute ::: Processing file 56 out of 491 files.
2 minutes ::: File 56 - Unique Emails Found: 3159 ::: Bahrain-Database.xlsx-emails.csv
2 minutes ::: Processing file 57 out of 491 files.
2 minutes ::: File 57 - Unique Emails Found: 20 ::: Bahrain-stock-exchanges-companies.xls-emails.csv
2 minutes ::: Processing file 58 out of 491 files.
2 minutes ::: File 58 - Unique Emails Found: 296 ::: Bangladesh-database.xls-emails.csv
2 minutes ::: Processing file 59 out of 491 files.
2 minutes ::: File 59 - Unique Emails Found: 2 ::: Bhutan-Database.xls-emails.csv
2 minutes ::: Processing file 60 out of 491 files.
2 minutes ::: File 60 - Unique Emails Found: 72 ::: Brunei-Darussalam-database.xls-emails.csv
2 minutes ::: Processing file 61 out of 491 files.
2 minutes ::: File 61 - Unique Emails Found: 11 ::: Myanmar-database.xls-emails.csv
2 minutes ::: Processing file 62 out of 491 files.
2 minutes ::: File 62 - Unique Emails Found: 30 ::: Cambodia-database.xls-emails.csv
2 minutes ::: Processing file 63 out of 491 files.
2 minutes ::: File 63 - Unique Emails Found: 11 ::: East-Timor-Emails-List.xls-emails.csv
2 minutes ::: Processing file 64 out of 491 files.
2 minutes ::: File 64 - Unique Emails Found: 10717 ::: Hong-Kong-database.xls-emails.csv
2 minutes ::: Processing file 65 out of 491 files.
2 minutes ::: File 65 - Unique Emails Found: 4791 ::: Indonesia-database.xls-emails.csv
2 minutes ::: Processing file 66 out of 491 files.
2 minutes ::: File 66 - Unique Emails Found: 11877 ::: Iran-database.xlsx-emails.csv
2 minutes ::: Processing file 67 out of 491 files.
2 minutes ::: File 67 - Unique Emails Found: 1156 ::: Iraq-database.xlsx-emails.csv
2 minutes ::: Processing file 68 out of 491 files.
2 minutes ::: File 68 - Unique Emails Found: 4156 ::: Israel-database.xls-emails.csv
2 minutes ::: Processing file 69 out of 491 files.
4 minutes ::: File 69 - Unique Emails Found: 36992 ::: Japan-database---43316.xls-emails.csv
4 minutes ::: Processing file 70 out of 491 files.
4 minutes ::: File 70 - Unique Emails Found: 341 ::: jordan-Database-02.xls-emails.csv
4 minutes ::: Processing file 71 out of 491 files.
4 minutes ::: File 71 - Unique Emails Found: 6875 ::: jordan-Database.xlsx-emails.csv
4 minutes ::: Processing file 72 out of 491 files.
4 minutes ::: File 72 - Unique Emails Found: 55 ::: Kazakhstan-database.xls-emails.csv
4 minutes ::: Processing file 73 out of 491 files.
5 minutes ::: File 73 - Unique Emails Found: 23499 ::: Korea,-Republic-of-database.xls-emails.csv
5 minutes ::: Processing file 74 out of 491 files.
5 minutes ::: File 74 - Unique Emails Found: 3732 ::: Kuwait-Database-01.xlsx-emails.csv
5 minutes ::: Processing file 75 out of 491 files.
5 minutes ::: File 75 - Unique Emails Found: 542 ::: kuwait-database-02.xls-emails.csv
5 minutes ::: Processing file 76 out of 491 files.
5 minutes ::: File 76 - Unique Emails Found: 133 ::: kuwait-database-03.xls-emails.csv
5 minutes ::: Processing file 77 out of 491 files.
5 minutes ::: File 77 - Unique Emails Found: 15 ::: Kyrgyzstan-database.xls-emails.csv
5 minutes ::: Processing file 78 out of 491 files.
5 minutes ::: File 78 - Unique Emails Found: 592 ::: Lebanon-database-02.xls-emails.csv
5 minutes ::: Processing file 79 out of 491 files.
5 minutes ::: File 79 - Unique Emails Found: 6815 ::: Lebanon-database.xlsx-emails.csv
5 minutes ::: Processing file 80 out of 491 files.
5 minutes ::: File 80 - Unique Emails Found: 2348 ::: Malaysia-database.xls-emails.csv
5 minutes ::: Processing file 81 out of 491 files.
5 minutes ::: File 81 - Unique Emails Found: 72 ::: Maldives-database.xls-emails.csv
5 minutes ::: Processing file 82 out of 491 files.
5 minutes ::: File 82 - Unique Emails Found: 1248 ::: Middle-East-Gulf-Database---22990.xls-emails.csv
5 minutes ::: Processing file 83 out of 491 files.
5 minutes ::: File 83 - Unique Emails Found: 15 ::: Mongolia-database.xls-emails.csv
5 minutes ::: Processing file 84 out of 491 files.
5 minutes ::: File 84 - Unique Emails Found: 167 ::: Nepal-database.xls-emails.csv
5 minutes ::: Processing file 85 out of 491 files.
5 minutes ::: File 85 - Unique Emails Found: 146 ::: Oman-Database-02.xls-emails.csv
5 minutes ::: Processing file 86 out of 491 files.
6 minutes ::: File 86 - Unique Emails Found: 3259 ::: Oman-Database.xlsx-emails.csv
6 minutes ::: Processing file 87 out of 491 files.
6 minutes ::: File 87 - Unique Emails Found: 1321 ::: Pakistan-database.xls-emails.csv
6 minutes ::: Processing file 88 out of 491 files.
6 minutes ::: File 88 - Unique Emails Found: 0 ::: Palestine-database.xlsx-emails.csv
6 minutes ::: Processing file 89 out of 491 files.
6 minutes ::: File 89 - Unique Emails Found: 1804 ::: Philippines-database.xls-emails.csv
6 minutes ::: Processing file 90 out of 491 files.
6 minutes ::: File 90 - Unique Emails Found: 2221 ::: Qatar-database-01.xlsx-emails.csv
6 minutes ::: Processing file 91 out of 491 files.
6 minutes ::: File 91 - Unique Emails Found: 148 ::: Qatar-database-02.xls-emails.csv
6 minutes ::: Processing file 92 out of 491 files.
6 minutes ::: File 92 - Unique Emails Found: 2122 ::: Russian-Federation-database.xls-emails.csv
6 minutes ::: Processing file 93 out of 491 files.
6 minutes ::: File 93 - Unique Emails Found: 553 ::: Saudi-Arabia-database-01.xls-emails.csv
6 minutes ::: Processing file 94 out of 491 files.
6 minutes ::: File 94 - Unique Emails Found: 6995 ::: Saudi-Arabia-database-02.csv-emails.csv
6 minutes ::: Processing file 95 out of 491 files.
7 minutes ::: File 95 - Unique Emails Found: 6995 ::: Saudi-Arabia-database-03.xlsx-emails.csv
7 minutes ::: Processing file 96 out of 491 files.
